<?xml version="1.0" encoding="UTF-8"?>
<testsuite name="JUnit Jupiter" tests="2" skipped="0" failures="0" errors="0" time="0.34" hostname="DESKTOP-JJ1AQGL" timestamp="2023-06-07T21:20:07">
<properties>
<property name="file.encoding" value="GBK"/>
<property name="file.separator" value="\"/>
<property name="java.class.path" value=""/>
<property name="java.class.version" value="61.0"/>
<property name="java.endorsed.dirs" value=""/>
<property name="java.ext.dirs" value=""/>
<property name="java.io.tmpdir" value="C:\Users\14815\AppData\Local\Temp\"/>
<property name="java.library.path" value="E:\open_sources\sca2022\nacos-gradle\nacos-gradle\build\native\nativeTestCompile;C:\Windows\system32;C:\Windows;C:\Users\14815\.sdkman\candidates\java\current\bin;E:\Git\mingw64\bin;E:\Git\usr\bin;C:\Users\14815\bin;C:\Windows\system32;C:\Windows;C:\Windows\System32\Wbem;C:\Windows\System32\WindowsPowerShell\v1.0;C:\Windows\System32\OpenSSH;C:\Program Files (x86)\Intel\Intel(R) Management Engine Components\DAL;C:\Program Files\Intel\Intel(R) Management Engine Components\DAL;C:\Program Files (x86)\NVIDIA Corporation\PhysX\Common;E:\GraalVM\Visual Studio\BuildTools\VC\Tools\MSVC\14.34.31933\bin\HostX64\x64;E:\Go\go-1.19\bin;E:\Java\JDK\JDK8\bin;E:\open_sources\kubectl;C:\Program Files\Docker\Docker\resources\bin;E:\Git\usr\bin;E:\Java\apache_maven\apache-maven-3.9.0\bin;E:\Java\nacos\nacos-2.2.0\bin;E:\python\coda\Scripts;E:\python\coda;E:\web_front\yarn\bin;C:\cygwin64\bin;E:\Java\apache_maven\apache-maven-3.9.0\bin;E:\GraalVM\graalvm-ce-java17-22.3.1\bin;E:\Java\gradle\gradle-8.1-rc-2\bin;E:\web_front\node14;D:\software\wechat-devtools\微信web开发者工具\dll;E:\web_front\node16;E:\python\coda;E:\python\coda\Scripts;E:\python\coda\Library\bin;C:\Program Files\PowerShell\7;E:\protobuf\protoc-3.19.6-win64\bin;E:\Mysql\Mysql\bin;C:\cygwin64\bin;E:\ruby\Ruby31-x64\bin;C:\Users\14815\scoop\shims;C:\Users\14815\AppData\Local\Microsoft\WindowsApps;E:\web_front\Microsoft VS Code\bin;C:\Users\14815\go\bin;E:\Java\IDEA\IntelliJ IDEA 2022.1.2\bin;E:\python\pycharm\PyCharm 2022.1.2\bin;C:\Users\14815\AppData\Local\GitHubDesktop\bin;C:\Users\14815\AppData\Local\Yarn\bin;E:\Go\goland\GoLand 2022.2.3\bin;C:\Users\14815\AppData\Local\JetBrains\Toolbox\scripts;D:\网络安全\nmap-zenmap\Nmap;C:\Users\14815\AppData\Local\Programs\oh-my-posh\bin;C:\Users\14815\go\bin;C:\Users\14815\AppData\Roaming\npm;."/>
<property name="java.specification.name" value="Java Platform API Specification"/>
<property name="java.specification.vendor" value="Oracle Corporation"/>
<property name="java.specification.version" value="17"/>
<property name="java.vendor" value="Oracle Corporation"/>
<property name="java.vendor.url" value="https://www.graalvm.org/"/>
<property name="java.version" value="17.0.6"/>
<property name="java.vm.name" value="Substrate VM"/>
<property name="java.vm.specification.name" value="Java Virtual Machine Specification"/>
<property name="java.vm.specification.vendor" value="Oracle Corporation"/>
<property name="java.vm.specification.version" value="17"/>
<property name="java.vm.vendor" value="Oracle Corporation"/>
<property name="java.vm.version" value="GraalVM 22.3.1 Java 17 CE"/>
<property name="line.separator" value="
"/>
<property name="native.encoding" value="GBK"/>
<property name="org.graalvm.nativeimage.imagecode" value="runtime"/>
<property name="org.graalvm.nativeimage.kind" value="executable"/>
<property name="os.arch" value="amd64"/>
<property name="os.name" value="Windows 10"/>
<property name="os.version" value="10.0"/>
<property name="path.separator" value=";"/>
<property name="sun.arch.data.model" value="64"/>
<property name="sun.jnu.encoding" value="GBK"/>
<property name="user.dir" value="E:\open_sources\sca2022\nacos-gradle\nacos-gradle"/>
<property name="user.home" value="C:\Users\14815"/>
<property name="user.name" value="14815"/>
<property name="user.timezone" value="Asia/Shanghai"/>
</properties>
<testcase name="testAddConfig()" classname="nacos.NacosClientTest" time="0.039">
<system-out><![CDATA[
unique-id: [engine:junit-jupiter]/[class:nacos.NacosClientTest]/[method:testAddConfig()]
display-name: testAddConfig()
]]></system-out>
</testcase>
<testcase name="testGetConfig()" classname="nacos.NacosClientTest" time="0.011">
<system-out><![CDATA[
unique-id: [engine:junit-jupiter]/[class:nacos.NacosClientTest]/[method:testGetConfig()]
display-name: testGetConfig()
]]></system-out>
</testcase>
<system-out><![CDATA[
unique-id: [engine:junit-jupiter]
display-name: JUnit Jupiter
]]></system-out>
</testsuite>
